<?xml version="1.0" encoding="UTF-8"?>
<!-- Generated by org.testng.reporters.JUnitReportReporter -->
<testsuite hostname="DESKTOP-SM3A9BQ" name="com.test.SignInTesting" tests="1" failures="0" timestamp="22 Feb 2017 05:26:08 GMT" time="2.261" errors="0">
  <testcase name="verifyCreateAcc" time="2.261" classname="com.test.SignInTesting"/>
</testsuite> <!-- com.test.SignInTesting -->
