<?xml version="1.0" encoding="UTF-8"?>
<!-- Generated by org.testng.reporters.JUnitReportReporter -->
<testsuite hostname="DESKTOP-SM3A9BQ" name="com.test.CategoriesTesting" tests="1" failures="0" timestamp="28 Feb 2017 00:40:54 GMT" time="2.038" errors="0">
  <testcase name="help" time="2.038" classname="com.test.CategoriesTesting"/>
</testsuite> <!-- com.test.CategoriesTesting -->
