<?xml version="1.0" encoding="UTF-8"?>
<!-- Generated by org.testng.reporters.JUnitReportReporter -->
<testsuite hostname="DESKTOP-SM3A9BQ" name="com.value.DataProvider" tests="3" failures="0" timestamp="9 Mar 2017 02:18:00 GMT" time="0.016" errors="0">
  <testcase name="dprovider" time="0.000" classname="com.value.DataProvider"/>
  <testcase name="dprovider" time="0.000" classname="com.value.DataProvider"/>
  <testcase name="dprovider" time="0.016" classname="com.value.DataProvider"/>
</testsuite> <!-- com.value.DataProvider -->
