<?xml version="1.0" encoding="UTF-8"?>
<!-- Generated by org.testng.reporters.JUnitReportReporter -->
<testsuite hostname="DESKTOP-SM3A9BQ" name="com.Test2.MoreTest1" tests="1" failures="0" timestamp="5 Mar 2017 23:50:36 GMT" time="3.726" errors="0">
  <testcase name="moretest" time="3.726" classname="com.Test2.MoreTest1"/>
</testsuite> <!-- com.Test2.MoreTest1 -->
