<?xml version="1.0" encoding="UTF-8"?>
<!-- Generated by org.testng.reporters.JUnitReportReporter -->
<testsuite hostname="DESKTOP-SM3A9BQ" name="com.test.SignInTets" tests="1" failures="0" timestamp="22 Feb 2017 05:26:30 GMT" time="1.409" errors="0">
  <testcase name="SignInTesting" time="1.409" classname="com.test.SignInTets"/>
</testsuite> <!-- com.test.SignInTets -->
